<?xml version="1.0" encoding="UTF-8"?>
<!-- Generated by org.testng.reporters.JUnitXMLReporter -->
<testsuite ignored="2" hostname="LAPTOP-5DBSC07H" failures="0" tests="1" name="Default test" time="3.531" errors="0" timestamp="2022-10-14T15:10:13 IST">
  <testcase classname="Authorization.Authorization" name="oAuth2" time="3.458"/>
  <testcase classname="Authorization.Authorization" name="apiKey" time="0.0">
    <ignored/>
  </testcase> <!-- apiKey -->
  <testcase classname="Authorization.Authorization" name="DigestAuth" time="0.0">
    <ignored/>
  </testcase> <!-- DigestAuth -->
</testsuite> <!-- Default test -->
