<?xml version="1.0" encoding="UTF-8"?>
<testng-results ignored="2" total="3" passed="1" failed="0" skipped="0">
  <reporter-output>
  </reporter-output>
  <suite started-at="2022-10-14T15:10:10 IST" name="Default suite" finished-at="2022-10-14T15:10:13 IST" duration-ms="3531">
    <groups>
    </groups>
    <test started-at="2022-10-14T15:10:10 IST" name="Default test" finished-at="2022-10-14T15:10:13 IST" duration-ms="3531">
      <class name="Authorization.Authorization">
        <test-method signature="oAuth2()[pri:0, instance:Authorization.Authorization@130161f7]" started-at="2022-10-14T15:10:10 IST" name="oAuth2" finished-at="2022-10-14T15:10:13 IST" duration-ms="3458" status="PASS">
          <reporter-output>
          </reporter-output>
        </test-method> <!-- oAuth2 -->
      </class> <!-- Authorization.Authorization -->
    </test> <!-- Default test -->
  </suite> <!-- Default suite -->
</testng-results>
